0 info it worked if it ends with ok
1 verbose cli [ '/usr/local/Cellar/node/6.7.0/bin/node',
1 verbose cli   '/usr/local/bin/npm',
1 verbose cli   'run',
1 verbose cli   'start' ]
2 info using npm@3.10.7
3 info using node@v6.7.0
4 verbose run-script [ 'prestart', 'start', 'poststart' ]
5 info lifecycle projectvault@1.0.0~prestart: projectvault@1.0.0
6 silly lifecycle projectvault@1.0.0~prestart: no script for prestart, continuing
7 info lifecycle projectvault@1.0.0~start: projectvault@1.0.0
8 verbose lifecycle projectvault@1.0.0~start: unsafe-perm in lifecycle true
9 verbose lifecycle projectvault@1.0.0~start: PATH: /usr/local/lib/node_modules/npm/bin/node-gyp-bin:/Users/jeremy/projectvault/node_modules/.bin:/usr/local/Cellar/node/6.7.0/bin:/Users/jeremy/.rvm/gems/ruby-2.2.1/bin:/Users/jeremy/.rvm/gems/ruby-2.2.1@global/bin:/Users/jeremy/.rvm/rubies/ruby-2.2.1/bin:/usr/local/bin:/usr/bin:/bin:/usr/sbin:/sbin:/opt/X11/bin:/Users/jeremy/.rvm/bin
10 verbose lifecycle projectvault@1.0.0~start: CWD: /Users/jeremy/projectvault
11 silly lifecycle projectvault@1.0.0~start: Args: [ '-c',
11 silly lifecycle   'NODE_ENV=production node_modules/.bin/babel-node --presets \'react,es2015\' src/server/server.js' ]
12 silly lifecycle projectvault@1.0.0~start: Returned: code: 1  signal: null
13 info lifecycle projectvault@1.0.0~start: Failed to exec start script
14 verbose stack Error: projectvault@1.0.0 start: `NODE_ENV=production node_modules/.bin/babel-node --presets 'react,es2015' src/server/server.js`
14 verbose stack Exit status 1
14 verbose stack     at EventEmitter.<anonymous> (/usr/local/lib/node_modules/npm/lib/utils/lifecycle.js:255:16)
14 verbose stack     at emitTwo (events.js:106:13)
14 verbose stack     at EventEmitter.emit (events.js:191:7)
14 verbose stack     at ChildProcess.<anonymous> (/usr/local/lib/node_modules/npm/lib/utils/spawn.js:40:14)
14 verbose stack     at emitTwo (events.js:106:13)
14 verbose stack     at ChildProcess.emit (events.js:191:7)
14 verbose stack     at maybeClose (internal/child_process.js:877:16)
14 verbose stack     at Process.ChildProcess._handle.onexit (internal/child_process.js:226:5)
15 verbose pkgid projectvault@1.0.0
16 verbose cwd /Users/jeremy/projectvault
17 error Darwin 16.1.0
18 error argv "/usr/local/Cellar/node/6.7.0/bin/node" "/usr/local/bin/npm" "run" "start"
19 error node v6.7.0
20 error npm  v3.10.7
21 error code ELIFECYCLE
22 error projectvault@1.0.0 start: `NODE_ENV=production node_modules/.bin/babel-node --presets 'react,es2015' src/server/server.js`
22 error Exit status 1
23 error Failed at the projectvault@1.0.0 start script 'NODE_ENV=production node_modules/.bin/babel-node --presets 'react,es2015' src/server/server.js'.
23 error Make sure you have the latest version of node.js and npm installed.
23 error If you do, this is most likely a problem with the projectvault package,
23 error not with npm itself.
23 error Tell the author that this fails on your system:
23 error     NODE_ENV=production node_modules/.bin/babel-node --presets 'react,es2015' src/server/server.js
23 error You can get information on how to open an issue for this project with:
23 error     npm bugs projectvault
23 error Or if that isn't available, you can get their info via:
23 error     npm owner ls projectvault
23 error There is likely additional logging output above.
24 verbose exit [ 1, true ]
